<?xml version="1.0" encoding="UTF-8"?>
<!-- Generated by org.testng.reporters.JUnitXMLReporter -->
<testsuite ignored="0" hostname="DESKTOP-C7HS4NF" failures="0" tests="4" name="Default test" time="66.926" errors="0" timestamp="2023-08-01T18:31:47 IST">
  <testcase classname="eCommerceProject.Flipkart" name="FlipkartTest" time="20.578"/>
  <testcase classname="eCommerceProject.Snapdeal" name="SnapdealTest" time="6.027"/>
  <testcase classname="eCommerceProject.Ajio" name="AjioTest" time="21.509"/>
  <testcase classname="eCommerceProject.Amazon" name="AmazonTest" time="18.778"/>
</testsuite> <!-- Default test -->
