<?xml version="1.0" encoding="UTF-8"?>
<!-- Generated by org.testng.reporters.JUnitXMLReporter -->
<testsuite ignored="0" hostname="DESKTOP-C7HS4NF" failures="0" tests="3" name="Default test" time="25.368" errors="0" timestamp="2023-07-26T15:04:11 IST">
  <testcase classname="eCommerceProject.Flipkart" name="FlipkartTest" time="4.986"/>
  <testcase classname="eCommerceProject.Ajio" name="AjioTest" time="10.776"/>
  <testcase classname="eCommerceProject.Amazon" name="AmazonTest" time="9.58"/>
</testsuite> <!-- Default test -->
