<?xml version="1.0" encoding="UTF-8"?>
<testng-results ignored="0" total="3" passed="3" failed="0" skipped="0">
  <reporter-output>
  </reporter-output>
  <suite started-at="2023-07-26T15:03:45 IST" name="Default suite" finished-at="2023-07-26T15:04:11 IST" duration-ms="25368">
    <groups>
    </groups>
    <test started-at="2023-07-26T15:03:45 IST" name="Default test" finished-at="2023-07-26T15:04:11 IST" duration-ms="25368">
      <class name="eCommerceProject.Flipkart">
        <test-method signature="FlipkartTest()[pri:0, instance:eCommerceProject.Flipkart@7e07db1f]" started-at="2023-07-26T15:03:45 IST" name="FlipkartTest" finished-at="2023-07-26T15:03:50 IST" duration-ms="4986" status="PASS">
          <reporter-output>
          </reporter-output>
        </test-method> <!-- FlipkartTest -->
      </class> <!-- eCommerceProject.Flipkart -->
      <class name="eCommerceProject.Ajio">
        <test-method signature="AjioTest()[pri:0, instance:eCommerceProject.Ajio@74fe5c40]" started-at="2023-07-26T15:03:50 IST" name="AjioTest" finished-at="2023-07-26T15:04:01 IST" duration-ms="10776" status="PASS">
          <reporter-output>
          </reporter-output>
        </test-method> <!-- AjioTest -->
      </class> <!-- eCommerceProject.Ajio -->
      <class name="eCommerceProject.Amazon">
        <test-method signature="AmazonTest()[pri:0, instance:eCommerceProject.Amazon@3febb011]" started-at="2023-07-26T15:04:01 IST" name="AmazonTest" finished-at="2023-07-26T15:04:11 IST" duration-ms="9580" status="PASS">
          <reporter-output>
          </reporter-output>
        </test-method> <!-- AmazonTest -->
      </class> <!-- eCommerceProject.Amazon -->
    </test> <!-- Default test -->
  </suite> <!-- Default suite -->
</testng-results>
