<?xml version="1.0" encoding="UTF-8"?>
<testng-results ignored="0" total="4" passed="4" failed="0" skipped="0">
  <reporter-output>
  </reporter-output>
  <suite started-at="2023-08-01T18:30:40 IST" name="Default suite" finished-at="2023-08-01T18:31:47 IST" duration-ms="66926">
    <groups>
    </groups>
    <test started-at="2023-08-01T18:30:40 IST" name="Default test" finished-at="2023-08-01T18:31:47 IST" duration-ms="66926">
      <class name="eCommerceProject.Flipkart">
        <test-method signature="FlipkartTest()[pri:0, instance:eCommerceProject.Flipkart@42a48628]" started-at="2023-08-01T18:30:40 IST" name="FlipkartTest" finished-at="2023-08-01T18:31:01 IST" duration-ms="20578" status="PASS">
          <reporter-output>
          </reporter-output>
        </test-method> <!-- FlipkartTest -->
      </class> <!-- eCommerceProject.Flipkart -->
      <class name="eCommerceProject.Ajio">
        <test-method signature="AjioTest()[pri:0, instance:eCommerceProject.Ajio@2a3b5b47]" started-at="2023-08-01T18:31:07 IST" name="AjioTest" finished-at="2023-08-01T18:31:28 IST" duration-ms="21509" status="PASS">
          <reporter-output>
          </reporter-output>
        </test-method> <!-- AjioTest -->
      </class> <!-- eCommerceProject.Ajio -->
      <class name="eCommerceProject.Snapdeal">
        <test-method signature="SnapdealTest()[pri:0, instance:eCommerceProject.Snapdeal@351d00c0]" started-at="2023-08-01T18:31:01 IST" name="SnapdealTest" finished-at="2023-08-01T18:31:07 IST" duration-ms="6027" status="PASS">
          <reporter-output>
          </reporter-output>
        </test-method> <!-- SnapdealTest -->
      </class> <!-- eCommerceProject.Snapdeal -->
      <class name="eCommerceProject.Amazon">
        <test-method signature="AmazonTest()[pri:0, instance:eCommerceProject.Amazon@55b699ef]" started-at="2023-08-01T18:31:28 IST" name="AmazonTest" finished-at="2023-08-01T18:31:47 IST" duration-ms="18778" status="PASS">
          <reporter-output>
          </reporter-output>
        </test-method> <!-- AmazonTest -->
      </class> <!-- eCommerceProject.Amazon -->
    </test> <!-- Default test -->
  </suite> <!-- Default suite -->
</testng-results>
